c:\users\山川一隅\source\repos\校园迷宫\校园迷宫\x64\debug\vc143.pdb
c:\users\山川一隅\source\repos\校园迷宫\校园迷宫\x64\debug\vc143.idb
c:\users\山川一隅\source\repos\校园迷宫\校园迷宫\x64\debug\生成地图.obj
c:\users\山川一隅\source\repos\校园迷宫\校园迷宫\x64\debug\输出地图.obj
c:\users\山川一隅\source\repos\校园迷宫\校园迷宫\x64\debug\主程序.obj
c:\users\山川一隅\source\repos\校园迷宫\校园迷宫\x64\debug\宿舍.obj
c:\users\山川一隅\source\repos\校园迷宫\校园迷宫\x64\debug\仓库.obj
c:\users\山川一隅\source\repos\校园迷宫\校园迷宫\x64\debug\办公室.obj
c:\users\山川一隅\source\repos\校园迷宫\校园迷宫\x64\debug\教室.obj
c:\users\山川一隅\source\repos\校园迷宫\校园迷宫\x64\debug\消防间.obj
c:\users\山川一隅\source\repos\校园迷宫\校园迷宫\x64\debug\出生房间.obj
c:\users\山川一隅\source\repos\校园迷宫\校园迷宫\x64\debug\李一房间.obj
c:\users\山川一隅\source\repos\校园迷宫\校园迷宫\x64\debug\左移.obj
c:\users\山川一隅\source\repos\校园迷宫\校园迷宫\x64\debug\下移.obj
c:\users\山川一隅\source\repos\校园迷宫\校园迷宫\x64\debug\上移.obj
c:\users\山川一隅\source\repos\校园迷宫\校园迷宫\x64\debug\右移.obj
c:\users\山川一隅\source\repos\校园迷宫\校园迷宫\x64\debug\人物输出.obj
c:\users\山川一隅\source\repos\校园迷宫\校园迷宫\x64\debug\追逐.obj
c:\users\山川一隅\source\repos\校园迷宫\校园迷宫\x64\debug\移动.obj
c:\users\山川一隅\source\repos\校园迷宫\校园迷宫\x64\debug\追逐计算.obj
c:\users\山川一隅\source\repos\校园迷宫\校园迷宫\x64\debug\文字输出.obj
c:\users\山川一隅\source\repos\校园迷宫\校园迷宫\x64\debug\出生事件.obj
c:\users\山川一隅\source\repos\校园迷宫\校园迷宫\x64\debug\审判.obj
c:\users\山川一隅\source\repos\校园迷宫\校园迷宫\x64\debug\事件2.obj
c:\users\山川一隅\source\repos\校园迷宫\校园迷宫\x64\debug\事件18.obj
c:\users\山川一隅\source\repos\校园迷宫\校园迷宫\x64\debug\判断.obj
c:\users\山川一隅\source\repos\校园迷宫\校园迷宫\x64\debug\事件4.obj
c:\users\山川一隅\source\repos\校园迷宫\校园迷宫\x64\debug\事件1.obj
c:\users\山川一隅\source\repos\校园迷宫\校园迷宫\x64\debug\事件3.obj
c:\users\山川一隅\source\repos\校园迷宫\校园迷宫\x64\debug\事件5.obj
c:\users\山川一隅\source\repos\校园迷宫\校园迷宫\x64\debug\事件8.obj
c:\users\山川一隅\source\repos\校园迷宫\校园迷宫\x64\debug\事件7.obj
c:\users\山川一隅\source\repos\校园迷宫\校园迷宫\x64\debug\事件6.obj
c:\users\山川一隅\source\repos\校园迷宫\校园迷宫\x64\debug\事件17.obj
c:\users\山川一隅\source\repos\校园迷宫\校园迷宫\x64\debug\事件16.obj
c:\users\山川一隅\source\repos\校园迷宫\校园迷宫\x64\debug\事件15.obj
c:\users\山川一隅\source\repos\校园迷宫\校园迷宫\x64\debug\事件14.obj
c:\users\山川一隅\source\repos\校园迷宫\校园迷宫\x64\debug\事件13.obj
c:\users\山川一隅\source\repos\校园迷宫\校园迷宫\x64\debug\事件12.obj
c:\users\山川一隅\source\repos\校园迷宫\校园迷宫\x64\debug\事件11.obj
c:\users\山川一隅\source\repos\校园迷宫\校园迷宫\x64\debug\事件10.obj
c:\users\山川一隅\source\repos\校园迷宫\校园迷宫\x64\debug\事件9.obj
c:\users\山川一隅\source\repos\校园迷宫\校园迷宫\x64\debug\结局1.obj
c:\users\山川一隅\source\repos\校园迷宫\校园迷宫\x64\debug\结局2.obj
c:\users\山川一隅\source\repos\校园迷宫\x64\debug\校园迷宫.exe
c:\users\山川一隅\source\repos\校园迷宫\校园迷宫\x64\debug\校园迷宫.ilk
c:\users\山川一隅\source\repos\校园迷宫\x64\debug\校园迷宫.pdb
c:\users\山川一隅\source\repos\校园迷宫\校园迷宫\x64\debug\校园迷宫.res
c:\users\山川一隅\source\repos\校园迷宫\校园迷宫\x64\debug\源.obj
c:\users\山川一隅\source\repos\校园迷宫\校园迷宫\x64\debug\校园迷宫.tlog\cl.command.1.tlog
c:\users\山川一隅\source\repos\校园迷宫\校园迷宫\x64\debug\校园迷宫.tlog\cl.read.1.tlog
c:\users\山川一隅\source\repos\校园迷宫\校园迷宫\x64\debug\校园迷宫.tlog\cl.write.1.tlog
c:\users\山川一隅\source\repos\校园迷宫\校园迷宫\x64\debug\校园迷宫.tlog\link.command.1.tlog
c:\users\山川一隅\source\repos\校园迷宫\校园迷宫\x64\debug\校园迷宫.tlog\link.read.1.tlog
c:\users\山川一隅\source\repos\校园迷宫\校园迷宫\x64\debug\校园迷宫.tlog\link.write.1.tlog
c:\users\山川一隅\source\repos\校园迷宫\校园迷宫\x64\debug\校园迷宫.tlog\rc.command.1.tlog
c:\users\山川一隅\source\repos\校园迷宫\校园迷宫\x64\debug\校园迷宫.tlog\rc.read.1.tlog
c:\users\山川一隅\source\repos\校园迷宫\校园迷宫\x64\debug\校园迷宫.tlog\rc.write.1.tlog
