c:\users\山川一隅\source\repos\校园迷宫\校园迷宫\x64\release\vc143.pdb
c:\users\山川一隅\source\repos\校园迷宫\校园迷宫\x64\release\事件1.obj
c:\users\山川一隅\source\repos\校园迷宫\校园迷宫\x64\release\判断.obj
c:\users\山川一隅\source\repos\校园迷宫\校园迷宫\x64\release\事件18.obj
c:\users\山川一隅\source\repos\校园迷宫\校园迷宫\x64\release\事件2.obj
c:\users\山川一隅\source\repos\校园迷宫\校园迷宫\x64\release\审判.obj
c:\users\山川一隅\source\repos\校园迷宫\校园迷宫\x64\release\出生事件.obj
c:\users\山川一隅\source\repos\校园迷宫\校园迷宫\x64\release\文字输出.obj
c:\users\山川一隅\source\repos\校园迷宫\校园迷宫\x64\release\下移.obj
c:\users\山川一隅\source\repos\校园迷宫\校园迷宫\x64\release\上移.obj
c:\users\山川一隅\source\repos\校园迷宫\校园迷宫\x64\release\左移.obj
c:\users\山川一隅\source\repos\校园迷宫\校园迷宫\x64\release\右移.obj
c:\users\山川一隅\source\repos\校园迷宫\校园迷宫\x64\release\人物输出.obj
c:\users\山川一隅\source\repos\校园迷宫\校园迷宫\x64\release\李一房间.obj
c:\users\山川一隅\source\repos\校园迷宫\校园迷宫\x64\release\主程序.obj
c:\users\山川一隅\source\repos\校园迷宫\校园迷宫\x64\release\宿舍.obj
c:\users\山川一隅\source\repos\校园迷宫\校园迷宫\x64\release\仓库.obj
c:\users\山川一隅\source\repos\校园迷宫\校园迷宫\x64\release\办公室.obj
c:\users\山川一隅\source\repos\校园迷宫\校园迷宫\x64\release\教室.obj
c:\users\山川一隅\source\repos\校园迷宫\校园迷宫\x64\release\消防间.obj
c:\users\山川一隅\source\repos\校园迷宫\校园迷宫\x64\release\出生房间.obj
c:\users\山川一隅\source\repos\校园迷宫\校园迷宫\x64\release\生成地图.obj
c:\users\山川一隅\source\repos\校园迷宫\校园迷宫\x64\release\追逐计算.obj
c:\users\山川一隅\source\repos\校园迷宫\校园迷宫\x64\release\结局1.obj
c:\users\山川一隅\source\repos\校园迷宫\校园迷宫\x64\release\结局2.obj
c:\users\山川一隅\source\repos\校园迷宫\校园迷宫\x64\release\事件17.obj
c:\users\山川一隅\source\repos\校园迷宫\校园迷宫\x64\release\事件16.obj
c:\users\山川一隅\source\repos\校园迷宫\校园迷宫\x64\release\事件15.obj
c:\users\山川一隅\source\repos\校园迷宫\校园迷宫\x64\release\事件14.obj
c:\users\山川一隅\source\repos\校园迷宫\校园迷宫\x64\release\事件13.obj
c:\users\山川一隅\source\repos\校园迷宫\校园迷宫\x64\release\事件12.obj
c:\users\山川一隅\source\repos\校园迷宫\校园迷宫\x64\release\事件11.obj
c:\users\山川一隅\source\repos\校园迷宫\校园迷宫\x64\release\事件10.obj
c:\users\山川一隅\source\repos\校园迷宫\校园迷宫\x64\release\事件9.obj
c:\users\山川一隅\source\repos\校园迷宫\校园迷宫\x64\release\事件8.obj
c:\users\山川一隅\source\repos\校园迷宫\校园迷宫\x64\release\事件7.obj
c:\users\山川一隅\source\repos\校园迷宫\校园迷宫\x64\release\事件6.obj
c:\users\山川一隅\source\repos\校园迷宫\校园迷宫\x64\release\事件5.obj
c:\users\山川一隅\source\repos\校园迷宫\校园迷宫\x64\release\事件3.obj
c:\users\山川一隅\source\repos\校园迷宫\校园迷宫\x64\release\事件4.obj
c:\users\山川一隅\source\repos\校园迷宫\x64\release\校园迷宫.exe
c:\users\山川一隅\source\repos\校园迷宫\校园迷宫\x64\release\校园迷宫.ipdb
c:\users\山川一隅\source\repos\校园迷宫\x64\release\校园迷宫.pdb
c:\users\山川一隅\source\repos\校园迷宫\校园迷宫\x64\release\校园迷宫.iobj
c:\users\山川一隅\source\repos\校园迷宫\校园迷宫\x64\release\校园迷宫.tlog\cl.command.1.tlog
c:\users\山川一隅\source\repos\校园迷宫\校园迷宫\x64\release\校园迷宫.tlog\cl.read.1.tlog
c:\users\山川一隅\source\repos\校园迷宫\校园迷宫\x64\release\校园迷宫.tlog\cl.write.1.tlog
c:\users\山川一隅\source\repos\校园迷宫\校园迷宫\x64\release\校园迷宫.tlog\link.command.1.tlog
c:\users\山川一隅\source\repos\校园迷宫\校园迷宫\x64\release\校园迷宫.tlog\link.read.1.tlog
c:\users\山川一隅\source\repos\校园迷宫\校园迷宫\x64\release\校园迷宫.tlog\link.write.1.tlog
